<?xml version="1.0" encoding="UTF-8"?>
<testng-results skipped="0" failed="0" ignored="0" total="1" passed="1">
  <reporter-output>
  </reporter-output>
  <suite name="Default suite" duration-ms="37291" started-at="2020-01-08T21:01:18Z" finished-at="2020-01-08T21:01:55Z">
    <groups>
    </groups>
    <test name="Default test" duration-ms="37291" started-at="2020-01-08T21:01:18Z" finished-at="2020-01-08T21:01:55Z">
      <class name="com.test.Post_Delete_Put">
        <test-method status="PASS" signature="test1Post()[pri:0, instance:com.test.Post_Delete_Put@cbfad121]" name="test1Post" duration-ms="37223" started-at="2020-01-09T02:31:18Z" finished-at="2020-01-09T02:31:55Z">
          <reporter-output>
          </reporter-output>
        </test-method> <!-- test1Post -->
      </class> <!-- com.test.Post_Delete_Put -->
    </test> <!-- Default test -->
  </suite> <!-- Default suite -->
</testng-results>
