<?xml version="1.0" encoding="UTF-8"?>
<testng-results skipped="0" failed="0" ignored="0" total="1" passed="1">
  <reporter-output>
  </reporter-output>
  <suite name="Default suite" duration-ms="40722" started-at="2019-11-09T06:38:29Z" finished-at="2019-11-09T06:39:09Z">
    <groups>
    </groups>
    <test name="Default test" duration-ms="40722" started-at="2019-11-09T06:38:29Z" finished-at="2019-11-09T06:39:09Z">
      <class name="extentreport.examples.ExtentReportExample1">
        <test-method status="PASS" signature="beforeTest()[pri:0, instance:extentreport.examples.ExtentReportExample1@fa8db8c9]" name="beforeTest" is-config="true" duration-ms="216" started-at="2019-11-09T06:38:29Z" finished-at="2019-11-09T06:38:29Z">
          <reporter-output>
          </reporter-output>
        </test-method> <!-- beforeTest -->
        <test-method status="PASS" signature="test()[pri:0, instance:extentreport.examples.ExtentReportExample1@fa8db8c9]" name="test" duration-ms="37156" started-at="2019-11-09T06:38:29Z" finished-at="2019-11-09T06:39:06Z">
          <reporter-output>
          </reporter-output>
        </test-method> <!-- test -->
        <test-method status="PASS" signature="afterTest()[pri:0, instance:extentreport.examples.ExtentReportExample1@fa8db8c9]" name="afterTest" is-config="true" duration-ms="3322" started-at="2019-11-09T06:39:06Z" finished-at="2019-11-09T06:39:09Z">
          <reporter-output>
          </reporter-output>
        </test-method> <!-- afterTest -->
      </class> <!-- extentreport.examples.ExtentReportExample1 -->
    </test> <!-- Default test -->
  </suite> <!-- Default suite -->
</testng-results>
